TN:
SF:/Users/lzz/github/pandora/widget/src/index.js
FN:23,each
FN:91,(anonymous_2)
FN:223,(anonymous_3)
FN:235,(anonymous_4)
FN:245,(anonymous_5)
FN:255,(anonymous_6)
FN:266,(anonymous_7)
FN:279,(anonymous_8)
FN:289,(anonymous_9)
FN:313,(anonymous_10)
FN:326,(anonymous_11)
FN:342,(anonymous_12)
FN:357,(anonymous_13)
FN:360,(anonymous_14)
FN:370,(anonymous_15)
FN:374,(anonymous_16)
FN:390,(anonymous_17)
FN:400,(anonymous_18)
FN:422,(anonymous_19)
FN:430,(anonymous_20)
FN:447,(anonymous_21)
FN:499,(anonymous_22)
FN:510,(anonymous_23)
FN:539,(anonymous_24)
FN:566,(anonymous_25)
FN:600,(anonymous_26)
FN:606,(anonymous_27)
FN:608,(anonymous_28)
FN:619,(anonymous_29)
FN:633,(anonymous_30)
FNF:30
FNH:27
FNDA:3,each
FNDA:27,(anonymous_2)
FNDA:17,(anonymous_3)
FNDA:9,(anonymous_4)
FNDA:0,(anonymous_5)
FNDA:0,(anonymous_6)
FNDA:3,(anonymous_7)
FNDA:21,(anonymous_8)
FNDA:27,(anonymous_9)
FNDA:20,(anonymous_10)
FNDA:20,(anonymous_11)
FNDA:28,(anonymous_12)
FNDA:5,(anonymous_13)
FNDA:0,(anonymous_14)
FNDA:3,(anonymous_15)
FNDA:4,(anonymous_16)
FNDA:18,(anonymous_17)
FNDA:1,(anonymous_18)
FNDA:21,(anonymous_19)
FNDA:19,(anonymous_20)
FNDA:19,(anonymous_21)
FNDA:3,(anonymous_22)
FNDA:3,(anonymous_23)
FNDA:2,(anonymous_24)
FNDA:28,(anonymous_25)
FNDA:1,(anonymous_26)
FNDA:1,(anonymous_27)
FNDA:27,(anonymous_28)
FNDA:1,(anonymous_29)
FNDA:2,(anonymous_30)
DA:11,1
DA:14,1
DA:16,1
DA:21,1
DA:23,1
DA:24,3
DA:25,3
DA:26,5
DA:83,1
DA:92,27
DA:94,27
DA:101,27
DA:108,27
DA:110,27
DA:112,27
DA:114,27
DA:117,27
DA:224,17
DA:237,9
DA:247,0
DA:257,0
DA:268,3
DA:281,21
DA:296,27
DA:303,27
DA:307,27
DA:322,20
DA:330,20
DA:331,20
DA:334,20
DA:347,28
DA:349,28
DA:351,28
DA:352,25
DA:355,3
DA:356,1
DA:359,3
DA:361,3
DA:362,5
DA:365,0
DA:370,5
DA:371,2
DA:375,5
DA:376,3
DA:377,3
DA:380,2
DA:381,4
DA:386,3
DA:397,18
DA:400,18
DA:402,18
DA:403,17
DA:406,1
DA:407,1
DA:408,1
DA:410,1
DA:412,1
DA:415,1
DA:418,1
DA:420,1
DA:437,19
DA:439,19
DA:440,2
DA:441,2
DA:443,2
DA:454,19
DA:458,19
DA:464,19
DA:466,3
DA:468,16
DA:471,19
DA:472,4
DA:475,19
DA:477,19
DA:479,18
DA:480,18
DA:481,18
DA:482,18
DA:491,19
DA:493,19
DA:509,3
DA:520,3
DA:521,1
DA:524,2
DA:525,0
DA:528,2
DA:536,2
DA:538,2
DA:549,2
DA:550,1
DA:553,1
DA:554,0
DA:557,1
DA:565,1
DA:567,1
DA:576,28
DA:577,1
DA:586,27
DA:588,27
DA:590,27
DA:598,27
DA:601,27
DA:611,1
DA:616,1
DA:617,1
DA:618,1
DA:619,27
DA:620,27
DA:621,0
DA:623,27
DA:624,27
DA:629,1
DA:630,1
DA:631,1
DA:632,27
DA:643,1
DA:644,2
DA:645,2
DA:646,2
DA:648,2
DA:657,1
DA:659,1
LF:122
LH:116
BRDA:224,1,0,17
BRDA:224,1,1,17
BRDA:236,2,0,7
BRDA:236,2,1,2
BRDA:319,3,0,20
BRDA:319,3,1,0
BRDA:327,4,0,20
BRDA:327,4,1,0
BRDA:345,5,0,28
BRDA:345,5,1,27
BRDA:347,6,0,25
BRDA:347,6,1,3
BRDA:351,7,0,1
BRDA:351,7,1,2
BRDA:355,8,0,1
BRDA:355,8,1,2
BRDA:361,9,0,0
BRDA:361,9,1,0
BRDA:365,10,0,2
BRDA:365,10,1,3
BRDA:369,11,0,3
BRDA:369,11,1,2
BRDA:394,12,0,18
BRDA:394,12,1,18
BRDA:396,13,0,17
BRDA:396,13,1,1
BRDA:431,14,0,19
BRDA:431,14,1,19
BRDA:433,15,0,2
BRDA:433,15,1,17
BRDA:434,16,0,2
BRDA:434,16,1,0
BRDA:452,17,0,19
BRDA:452,17,1,0
BRDA:452,18,0,19
BRDA:452,18,1,0
BRDA:455,19,0,3
BRDA:455,19,1,16
BRDA:457,20,0,3
BRDA:457,20,1,1
BRDA:462,21,0,4
BRDA:462,21,1,15
BRDA:468,22,0,18
BRDA:468,22,1,1
BRDA:511,23,0,1
BRDA:511,23,1,2
BRDA:515,24,0,0
BRDA:515,24,1,2
BRDA:540,25,0,1
BRDA:540,25,1,1
BRDA:544,26,0,0
BRDA:544,26,1,1
BRDA:567,27,0,1
BRDA:567,27,1,27
BRDA:579,28,0,27
BRDA:579,28,1,0
BRDA:610,29,0,0
BRDA:610,29,1,27
BRDA:636,30,0,2
BRDA:636,30,1,2
BRF:60
BRH:49
end_of_record
TN:
SF:/Users/lzz/github/pandora/widget/src/lib/append.js
FN:10,(anonymous_1)
FN:17,createDummy
FN:23,replaceDummy
FN:29,eventBubbling
FN:36,(anonymous_5)
FNF:5
FNH:5
FNDA:2,(anonymous_1)
FNDA:1,createDummy
FNDA:1,replaceDummy
FNDA:3,eventBubbling
FNDA:4,(anonymous_5)
DA:10,1
DA:11,2
DA:17,1
DA:18,1
DA:19,1
DA:20,1
DA:23,1
DA:25,1
DA:26,1
DA:29,1
DA:30,3
DA:33,2
DA:36,2
DA:37,4
DA:39,4
DA:40,2
DA:41,2
DA:42,2
DA:47,2
DA:49,2
DA:50,2
DA:53,2
DA:54,2
DA:57,2
DA:60,2
DA:61,1
DA:64,1
DA:66,1
DA:68,2
LF:29
LH:29
BRDA:33,1,0,2
BRDA:33,1,1,0
BRDA:39,2,0,2
BRDA:39,2,1,2
BRDA:49,3,0,2
BRDA:49,3,1,0
BRDA:60,4,0,1
BRDA:60,4,1,1
BRF:8
BRH:6
end_of_record
TN:
SF:/Users/lzz/github/pandora/widget/src/lib/autorender.js
FN:34,isDataAPIOff
FN:38,(anonymous_2)
FN:62,(anonymous_3)
FN:88,(anonymous_4)
FNF:4
FNH:1
FNDA:0,isDataAPIOff
FNDA:4,(anonymous_2)
FNDA:0,(anonymous_3)
FNDA:0,(anonymous_4)
DA:16,1
DA:18,1
DA:20,1
DA:34,1
DA:35,0
DA:38,1
DA:39,4
DA:42,4
DA:44,0
DA:45,0
DA:46,0
DA:49,0
DA:51,0
DA:52,0
DA:56,0
DA:58,0
DA:59,0
DA:62,0
DA:63,0
DA:65,0
DA:66,0
DA:67,0
DA:69,0
DA:70,0
DA:71,0
DA:77,0
DA:79,0
DA:80,0
DA:84,0
DA:85,0
DA:88,0
DA:89,0
DA:94,0
DA:95,0
DA:97,0
DA:102,0
DA:105,0
DA:108,0
DA:109,0
DA:111,0
DA:112,0
DA:113,0
DA:114,0
DA:119,0
DA:122,0
DA:126,0
LF:46
LH:7
BRDA:42,1,0,4
BRDA:42,1,1,0
BRDA:44,2,0,0
BRDA:44,2,1,0
BRDA:49,3,0,0
BRDA:49,3,1,0
BRDA:51,4,0,0
BRDA:51,4,1,0
BRDA:56,5,0,0
BRDA:56,5,1,0
BRDA:58,6,0,0
BRDA:58,6,1,0
BRDA:65,7,0,0
BRDA:65,7,1,0
BRDA:67,8,0,0
BRDA:67,8,1,0
BRDA:69,9,0,0
BRDA:69,9,1,0
BRDA:77,10,0,0
BRDA:77,10,1,0
BRDA:79,11,0,0
BRDA:79,11,1,0
BRDA:84,12,0,0
BRDA:84,12,1,0
BRDA:102,13,0,0
BRDA:102,13,1,0
BRDA:108,14,0,0
BRDA:108,14,1,0
BRDA:108,15,0,0
BRDA:108,15,1,0
BRDA:111,16,0,0
BRDA:111,16,1,0
BRDA:111,17,0,0
BRDA:111,17,1,0
BRDA:113,18,0,0
BRDA:113,18,1,0
BRDA:126,19,0,0
BRDA:126,19,1,0
BRF:38
BRH:1
end_of_record
TN:
SF:/Users/lzz/github/pandora/widget/src/lib/daparser.js
FN:29,camelCase
FN:30,(anonymous_2)
FN:35,lcFirst
FN:36,(anonymous_4)
FN:42,normalizeValues
FN:63,normalizeValue
FN:78,parseDatas
FN:95,parseAttrs
FN:118,(anonymous_9)
FNF:9
FNH:9
FNDA:7,camelCase
FNDA:3,(anonymous_2)
FNDA:10,lcFirst
FNDA:10,(anonymous_4)
FNDA:11,normalizeValues
FNDA:16,normalizeValue
FNDA:6,parseDatas
FNDA:4,parseAttrs
FNDA:10,(anonymous_9)
DA:17,1
DA:19,1
DA:20,1
DA:21,1
DA:22,1
DA:23,1
DA:24,1
DA:26,1
DA:29,1
DA:30,7
DA:31,3
DA:35,1
DA:36,10
DA:37,10
DA:42,1
DA:43,11
DA:45,11
DA:46,20
DA:47,20
DA:49,20
DA:50,2
DA:53,18
DA:59,11
DA:65,1
DA:66,16
DA:67,1
DA:68,15
DA:69,1
DA:70,14
DA:71,3
DA:72,3
DA:73,1
DA:77,16
DA:80,1
DA:81,6
DA:84,6
DA:85,10
DA:86,10
DA:87,10
DA:88,10
DA:93,6
DA:96,1
DA:97,4
DA:102,4
DA:103,9
DA:104,9
DA:106,9
DA:107,7
DA:108,7
DA:109,7
DA:114,4
DA:117,1
DA:118,10
DA:121,10
DA:122,6
DA:124,4
DA:127,10
LF:57
LH:57
BRDA:26,1,0,1
BRDA:26,1,1,0
BRDA:46,2,0,20
BRDA:46,2,1,0
BRDA:49,3,0,2
BRDA:49,3,1,18
BRDA:53,4,0,2
BRDA:53,4,1,16
BRDA:64,5,0,1
BRDA:64,5,1,15
BRDA:66,6,0,1
BRDA:66,6,1,14
BRDA:68,7,0,3
BRDA:68,7,1,11
BRDA:68,8,0,14
BRDA:68,8,1,3
BRDA:70,9,0,1
BRDA:70,9,1,2
BRDA:84,10,0,10
BRDA:84,10,1,0
BRDA:86,11,0,10
BRDA:86,11,1,0
BRDA:107,12,0,7
BRDA:107,12,1,2
BRDA:109,13,0,7
BRDA:109,13,1,0
BRDA:122,14,0,6
BRDA:122,14,1,4
BRDA:128,15,0,1
BRDA:128,15,1,9
BRF:30
BRH:25
end_of_record
